<?xml version="1.0" encoding="UTF-8"?>
<!-- Generated by org.testng.reporters.JUnitReportReporter -->
<testsuite skipped="0" hostname="DESKTOP-HBF7D93" name="TestNG.DemoTestNG" tests="1" failures="0" timestamp="01 Feb 2019 05:25:48 GMT" time="61.117" errors="0">
  <testcase name="f" time="61.117" classname="TestNG.DemoTestNG"/>
</testsuite> <!-- TestNG.DemoTestNG -->
