<?xml version="1.0" encoding="UTF-8"?>
<!-- Generated by org.testng.reporters.JUnitReportReporter -->
<testsuite skipped="0" hostname="DESKTOP-HBF7D93" name="TestNG.DemoTestNG2" tests="1" failures="0" timestamp="01 Feb 2019 09:10:28 GMT" time="26.022" errors="0">
  <testcase name="f" time="26.022" classname="TestNG.DemoTestNG2"/>
</testsuite> <!-- TestNG.DemoTestNG2 -->
